<?xml version="1.0" encoding="UTF-8"?>
<!-- Generated by org.testng.reporters.JUnitXMLReporter -->
<testsuite ignored="0" hostname="DESKTOP-T0OMVLN" failures="0" tests="4" name="Test" time="20.376" errors="0" timestamp="2020-12-26T13:20:01 GMT">
  <testcase classname="Academy.validateNavigationBar" name="basePageNavigation" time="0.055"/>
  <testcase classname="Academy.homePage" name="basePageNavigation" time="4.086"/>
  <testcase classname="Academy.homePage" name="basePageNavigation" time="1.69"/>
  <testcase classname="Academy.validateTitle" name="basePageNavigation" time="0.057"/>
</testsuite> <!-- Test -->
